#
# A fatal error has been detected by the Java Runtime Environment:
#
#  SIGSEGV (0xb) at pc=0x00007fff5a799520, pid=1254, tid=24835
#
# JRE version: Java(TM) SE Runtime Environment (9.0+181) (build 9+181)
# Java VM: Java HotSpot(TM) 64-Bit Server VM (9+181, mixed mode, tiered, compressed oops, g1 gc, bsd-amd64)
# Problematic frame:
# C  [GLEngine+0x148520]  gleRunVertexSubmitImmediate+0x21d0
#
# No core dump will be written. Core dumps have been disabled. To enable core dumping, try "ulimit -c unlimited" before starting Java again
#
# If you would like to submit a bug report, please visit:
#   http://bugreport.java.com/bugreport/crash.jsp
# The crash happened outside the Java Virtual Machine in native code.
# See problematic frame for where to report the bug.
#

---------------  S U M M A R Y ------------

Command Line: -javaagent:/Applications/IntelliJ IDEA.app/Contents/lib/idea_rt.jar=50800:/Applications/IntelliJ IDEA.app/Contents/bin -Dfile.encoding=UTF-8 client.ChatClient

Host: MacBookAir6,2 x86_64 1300 MHz, 4 cores, 4G, Darwin 17.4.0
Time: Sat May  5 21:23:46 2018 +07 elapsed time: 4 seconds (0d 0h 0m 4s)

---------------  T H R E A D  ---------------

Current thread (0x00007fac51901800):  JavaThread "QuantumRenderer-0" daemon [_thread_in_native, id=24835, stack(0x00007000083dc000,0x00007000084dc000)]

Stack: [0x00007000083dc000,0x00007000084dc000],  sp=0x00007000084da720,  free space=1017k
Native frames: (J=compiled Java code, A=aot compiled Java code, j=interpreted, Vv=VM code, C=native code)
C  [GLEngine+0x148520]  gleRunVertexSubmitImmediate+0x21d0
C  [GLEngine+0x2e406]  glDrawElements_Exec+0x3c1
C  [libprism_es2.dylib+0x69e8]  Java_com_sun_prism_es2_GLContext_nDrawIndexedQuads+0x148
j  com.sun.prism.es2.GLContext.nDrawIndexedQuads(JI[F[B)V+0 javafx.graphics@9
j  com.sun.prism.es2.GLContext.drawIndexedQuads([F[BI)V+7 javafx.graphics@9
j  com.sun.prism.es2.ES2Context.renderQuads([F[BI)V+7 javafx.graphics@9
j  com.sun.prism.impl.BaseContext.drawQuads([F[BI)V+8 javafx.graphics@9
j  com.sun.prism.impl.VertexBuffer.flush()V+23 javafx.graphics@9
j  com.sun.prism.impl.BaseContext.flushVertexBuffer()V+4 javafx.graphics@9
j  com.sun.prism.impl.ps.BaseShaderContext.setRenderTarget(Lcom/sun/prism/RenderTarget;Lcom/sun/javafx/sg/prism/NGCamera;ZZ)V+69 javafx.graphics@9
j  com.sun.prism.impl.BaseContext.setRenderTarget(Lcom/sun/prism/impl/BaseGraphics;)V+36 javafx.graphics@9
j  com.sun.prism.impl.ps.BaseShaderContext.checkState(Lcom/sun/prism/impl/ps/BaseShaderGraphics;ILcom/sun/javafx/geom/transform/BaseTransform;Lcom/sun/prism/ps/Shader;)V+2 javafx.graphics@9
j  com.sun.prism.impl.ps.BaseShaderContext.validateTextureOp(Lcom/sun/prism/impl/ps/BaseShaderGraphics;Lcom/sun/javafx/geom/transform/BaseTransform;Lcom/sun/prism/Texture;Lcom/sun/prism/Texture;Lcom/sun/prism/PixelFormat;)Lcom/sun/prism/ps/Shader;+155 javafx.graphics@9
j  com.sun.prism.impl.ps.BaseShaderContext.validateTextureOp(Lcom/sun/prism/impl/BaseGraphics;Lcom/sun/javafx/geom/transform/BaseTransform;Lcom/sun/prism/Texture;Lcom/sun/prism/PixelFormat;)V+10 javafx.graphics@9
j  com.sun.prism.impl.BaseGraphics.drawTexture(Lcom/sun/prism/Texture;FFFFFFFF)V+69 javafx.graphics@9
j  com.sun.prism.impl.ps.BaseShaderGraphics.drawTexture(Lcom/sun/prism/Texture;FFFFFFFF)V+48 javafx.graphics@9
j  com.sun.javafx.sg.prism.NGCanvas.renderContent(Lcom/sun/prism/Graphics;)V+97 javafx.graphics@9
j  com.sun.javafx.sg.prism.NGNode.doRender(Lcom/sun/prism/Graphics;)V+330 javafx.graphics@9
j  com.sun.javafx.sg.prism.NGNode.render(Lcom/sun/prism/Graphics;)V+34 javafx.graphics@9
j  com.sun.javafx.sg.prism.NGGroup.renderContent(Lcom/sun/prism/Graphics;)V+151 javafx.graphics@9
j  com.sun.javafx.sg.prism.NGNode.doRender(Lcom/sun/prism/Graphics;)V+330 javafx.graphics@9
j  com.sun.javafx.sg.prism.NGNode.render(Lcom/sun/prism/Graphics;)V+34 javafx.graphics@9
j  com.sun.javafx.tk.quantum.ViewPainter.doPaint(Lcom/sun/prism/Graphics;Lcom/sun/javafx/sg/prism/NodePath;)V+201 javafx.graphics@9
j  com.sun.javafx.tk.quantum.ViewPainter.paintImpl(Lcom/sun/prism/Graphics;)V+961 javafx.graphics@9
j  com.sun.javafx.tk.quantum.PresentingPainter.run()V+326 javafx.graphics@9
j  java.util.concurrent.Executors$RunnableAdapter.call()Ljava/lang/Object;+4 java.base@9
j  java.util.concurrent.FutureTask.runAndReset()Z+44 java.base@9
j  com.sun.javafx.tk.RenderJob.run()V+1 javafx.graphics@9
j  java.util.concurrent.ThreadPoolExecutor.runWorker(Ljava/util/concurrent/ThreadPoolExecutor$Worker;)V+95 java.base@9
j  java.util.concurrent.ThreadPoolExecutor$Worker.run()V+5 java.base@9
j  com.sun.javafx.tk.quantum.QuantumRenderer$PipelineRunnable.run()V+8 javafx.graphics@9
j  java.lang.Thread.run()V+11 java.base@9
v  ~StubRoutines::call_stub
V  [libjvm.dylib+0x3a2e7d]  JavaCalls::call_helper(JavaValue*, methodHandle const&, JavaCallArguments*, Thread*)+0x2b5
V  [libjvm.dylib+0x3a2395]  JavaCalls::call_virtual(JavaValue*, KlassHandle, Symbol*, Symbol*, JavaCallArguments*, Thread*)+0x13f
V  [libjvm.dylib+0x3a2462]  JavaCalls::call_virtual(JavaValue*, Handle, KlassHandle, Symbol*, Symbol*, Thread*)+0x6a
V  [libjvm.dylib+0x418c38]  thread_entry(JavaThread*, Thread*)+0x77
V  [libjvm.dylib+0x6f7f80]  JavaThread::thread_main_inner()+0x86
V  [libjvm.dylib+0x5efcd3]  thread_native_entry(Thread*)+0x12b
C  [libsystem_pthread.dylib+0x36c1]  _pthread_body+0x154
C  [libsystem_pthread.dylib+0x356d]  _pthread_body+0x0
C  [libsystem_pthread.dylib+0x2c5d]  thread_start+0xd
C  0x0000000000000000

Java frames: (J=compiled Java code, j=interpreted, Vv=VM code)
j  com.sun.prism.es2.GLContext.nDrawIndexedQuads(JI[F[B)V+0 javafx.graphics@9
j  com.sun.prism.es2.GLContext.drawIndexedQuads([F[BI)V+7 javafx.graphics@9
j  com.sun.prism.es2.ES2Context.renderQuads([F[BI)V+7 javafx.graphics@9
j  com.sun.prism.impl.BaseContext.drawQuads([F[BI)V+8 javafx.graphics@9
j  com.sun.prism.impl.VertexBuffer.flush()V+23 javafx.graphics@9
j  com.sun.prism.impl.BaseContext.flushVertexBuffer()V+4 javafx.graphics@9
j  com.sun.prism.impl.ps.BaseShaderContext.setRenderTarget(Lcom/sun/prism/RenderTarget;Lcom/sun/javafx/sg/prism/NGCamera;ZZ)V+69 javafx.graphics@9
j  com.sun.prism.impl.BaseContext.setRenderTarget(Lcom/sun/prism/impl/BaseGraphics;)V+36 javafx.graphics@9
j  com.sun.prism.impl.ps.BaseShaderContext.checkState(Lcom/sun/prism/impl/ps/BaseShaderGraphics;ILcom/sun/javafx/geom/transform/BaseTransform;Lcom/sun/prism/ps/Shader;)V+2 javafx.graphics@9
j  com.sun.prism.impl.ps.BaseShaderContext.validateTextureOp(Lcom/sun/prism/impl/ps/BaseShaderGraphics;Lcom/sun/javafx/geom/transform/BaseTransform;Lcom/sun/prism/Texture;Lcom/sun/prism/Texture;Lcom/sun/prism/PixelFormat;)Lcom/sun/prism/ps/Shader;+155 javafx.graphics@9
j  com.sun.prism.impl.ps.BaseShaderContext.validateTextureOp(Lcom/sun/prism/impl/BaseGraphics;Lcom/sun/javafx/geom/transform/BaseTransform;Lcom/sun/prism/Texture;Lcom/sun/prism/PixelFormat;)V+10 javafx.graphics@9
j  com.sun.prism.impl.BaseGraphics.drawTexture(Lcom/sun/prism/Texture;FFFFFFFF)V+69 javafx.graphics@9
j  com.sun.prism.impl.ps.BaseShaderGraphics.drawTexture(Lcom/sun/prism/Texture;FFFFFFFF)V+48 javafx.graphics@9
j  com.sun.javafx.sg.prism.NGCanvas.renderContent(Lcom/sun/prism/Graphics;)V+97 javafx.graphics@9
j  com.sun.javafx.sg.prism.NGNode.doRender(Lcom/sun/prism/Graphics;)V+330 javafx.graphics@9
j  com.sun.javafx.sg.prism.NGNode.render(Lcom/sun/prism/Graphics;)V+34 javafx.graphics@9
j  com.sun.javafx.sg.prism.NGGroup.renderContent(Lcom/sun/prism/Graphics;)V+151 javafx.graphics@9
j  com.sun.javafx.sg.prism.NGNode.doRender(Lcom/sun/prism/Graphics;)V+330 javafx.graphics@9
j  com.sun.javafx.sg.prism.NGNode.render(Lcom/sun/prism/Graphics;)V+34 javafx.graphics@9
j  com.sun.javafx.tk.quantum.ViewPainter.doPaint(Lcom/sun/prism/Graphics;Lcom/sun/javafx/sg/prism/NodePath;)V+201 javafx.graphics@9
j  com.sun.javafx.tk.quantum.ViewPainter.paintImpl(Lcom/sun/prism/Graphics;)V+961 javafx.graphics@9
j  com.sun.javafx.tk.quantum.PresentingPainter.run()V+326 javafx.graphics@9
j  java.util.concurrent.Executors$RunnableAdapter.call()Ljava/lang/Object;+4 java.base@9
j  java.util.concurrent.FutureTask.runAndReset()Z+44 java.base@9
j  com.sun.javafx.tk.RenderJob.run()V+1 javafx.graphics@9
j  java.util.concurrent.ThreadPoolExecutor.runWorker(Ljava/util/concurrent/ThreadPoolExecutor$Worker;)V+95 java.base@9
j  java.util.concurrent.ThreadPoolExecutor$Worker.run()V+5 java.base@9
j  com.sun.javafx.tk.quantum.QuantumRenderer$PipelineRunnable.run()V+8 javafx.graphics@9
j  java.lang.Thread.run()V+11 java.base@9
v  ~StubRoutines::call_stub

siginfo: si_signo: 11 (SIGSEGV), si_code: 1 (SEGV_MAPERR), si_addr: 0x0000000000000000

Register to memory mapping:

RAX=0x0000000000000006 is an unknown value
RBX=0x0000000000000006 is an unknown value
RCX=0x00007fff5a79ada8: gleRunVertexSubmitImmediate+0x3a58 in /System/Library/Frameworks/OpenGL.framework/Versions/A/Resources/GLEngine.bundle/GLEngine at 0x00007fff5a651000
RDX=0x0000000000000004 is an unknown value
RSP=0x00007000084da720 is pointing into the stack for thread: 0x00007fac51901800
RBP=0x00007000084da940 is pointing into the stack for thread: 0x00007fac51901800
RSI=0x0000000013400000 is an unknown value
RDI=0x00007fff5a798e36: gleRunVertexSubmitImmediate+0x1ae6 in /System/Library/Frameworks/OpenGL.framework/Versions/A/Resources/GLEngine.bundle/GLEngine at 0x00007fff5a651000
R8 =0x0000000000000034 is an unknown value
R9 =0x0000000000000006 is an unknown value
R10=0x000000000680308b is an unknown value
R11=0x00007fac55925080 is an unknown value
R12=0x0000000000000000 is an unknown value
R13=0x0000000006116000 is an unknown value
R14=0x0000000000000000 is an unknown value
R15=0x00007fac5380dc00 is an unknown value


Registers:
RAX=0x0000000000000006, RBX=0x0000000000000006, RCX=0x00007fff5a79ada8, RDX=0x0000000000000004
RSP=0x00007000084da720, RBP=0x00007000084da940, RSI=0x0000000013400000, RDI=0x00007fff5a798e36
R8 =0x0000000000000034, R9 =0x0000000000000006, R10=0x000000000680308b, R11=0x00007fac55925080
R12=0x0000000000000000, R13=0x0000000006116000, R14=0x0000000000000000, R15=0x00007fac5380dc00
RIP=0x00007fff5a799520, EFLAGS=0x0000000000010206, ERR=0x0000000000000004
  TRAPNO=0x000000000000000e

Top of Stack: (sp=0x00007000084da720)
0x00007000084da720:   7175903be3a00035 0000000000000002
0x00007000084da730:   00007fac5380dd40 00007fac5380dd70
0x00007000084da740:   00007fac5380dd90 00007fac5380dd50
0x00007000084da750:   00007fac5380dd80 00007fac5380dd60
0x00007000084da760:   00007fac5380dda0 0000000000000001
0x00007000084da770:   00000000ffffffff 000000005380e120
0x00007000084da780:   00007fac528c7d60 0000000000000000
0x00007000084da790:   0f30000a00108031 00007fac528ce248
0x00007000084da7a0:   00007fac528c4000 00007fac5380dc00
0x00007000084da7b0:   0000000000000000 00000000fffffffe
0x00007000084da7c0:   0000003401845800 0000000000000000
0x00007000084da7d0:   00000000084da860 0000000000000000
0x00007000084da7e0:   0000000000000000 00007fac55925080
0x00007000084da7f0:   00007000084da8d8 00007fac5380dd90
0x00007000084da800:   000000047a000003 0000000000000000
0x00007000084da810:   0000000000000000 0000000000000000
0x00007000084da820:   0000000000000000 0000000000000000
0x00007000084da830:   7175903be3a00035 0000000000000034
0x00007000084da840:   00007fac5380dd90 00007fac5380dd90
0x00007000084da850:   0000000000000000 0000000000000000
0x00007000084da860:   00007000084da8b0 000000012e30e840
0x00007000084da870:   7175903b10011010 5380dd90528c4000
0x00007000084da880:   5380dd905380dd90 000000065380dd90
0x00007000084da890:   00007fac528c7f38 00007fac528c7d60
0x00007000084da8a0:   0000000000000020 0000000000001fec
0x00007000084da8b0:   0000000000000000 0000000000000000
0x00007000084da8c0:   0000000000000000 00007fac528c4e30
0x00007000084da8d0:   0000000000000000 00000001312480c0
0x00007000084da8e0:   0000000131248180 000000012f6d2000
0x00007000084da8f0:   00007fac538119a0 00007fac53811bb0
0x00007000084da900:   00007fac538367a0 0000000000000000
0x00007000084da910:   7175903be3a00035 0000000000000000 

Instructions: (pc=0x00007fff5a799520)
0x00007fff5a799500:   f2 41 0f 10 0c 24 66 0f 14 c8 0f 5b e9 e9 0e 08
0x00007fff5a799510:   00 00 0f 14 e9 66 0f 3a 21 e8 28 e9 00 08 00 00
0x00007fff5a799520:   41 0f 28 2c 24 e9 f6 07 00 00 41 0f b7 04 24 41
0x00007fff5a799530:   0f b6 4c 24 02 c1 e1 10 09 c1 66 0f 6e d1 66 0f 


---------------  P R O C E S S  ---------------

Java Threads: ( => current thread )
  0x00007fac512d7800 JavaThread "Timer-1" [_thread_blocked, id=77571, stack(0x0000700008b77000,0x0000700008c77000)]
  0x00007fac52c76800 JavaThread "Keep-Alive-Timer" daemon [_thread_blocked, id=77855, stack(0x0000700008a74000,0x0000700008b74000)]
  0x00007fac52a18800 JavaThread "Java2D Disposer" daemon [_thread_blocked, id=78599, stack(0x000070000886e000,0x000070000896e000)]
  0x00007fac51a33800 JavaThread "Timer-0" [_thread_in_native, id=49411, stack(0x0000700008971000,0x0000700008a71000)]
  0x00007fac519f2000 JavaThread "JavaFX-Launcher" [_thread_blocked, id=48899, stack(0x000070000876b000,0x000070000886b000)]
  0x00007fac5296b000 JavaThread "Thread-2" daemon [_thread_in_native, id=87043, stack(0x00007000085e2000,0x0000700008662000)]
  0x00007fac5114e800 JavaThread "JavaFX Application Thread" [_thread_blocked, id=775, stack(0x00007ffee36a6000,0x00007ffee3ea6000)]
  0x00007fac519a7000 JavaThread "InvokeLaterDispatcher" daemon [_thread_blocked, id=27915, stack(0x00007000084df000,0x00007000085df000)]
=>0x00007fac51901800 JavaThread "QuantumRenderer-0" daemon [_thread_in_native, id=24835, stack(0x00007000083dc000,0x00007000084dc000)]
  0x00007fac5201e800 JavaThread "Service Thread" daemon [_thread_blocked, id=23811, stack(0x00007000081d6000,0x00007000082d6000)]
  0x00007fac51855800 JavaThread "Monitor Ctrl-Break" daemon [_thread_in_native, id=23555, stack(0x00007000080d3000,0x00007000081d3000)]
  0x00007fac5202f800 JavaThread "Common-Cleaner" daemon [_thread_blocked, id=23043, stack(0x0000700007fd0000,0x00007000080d0000)]
  0x00007fac51883800 JavaThread "Sweeper thread" daemon [_thread_blocked, id=42755, stack(0x0000700007ecd000,0x0000700007fcd000)]
  0x00007fac5185e000 JavaThread "C1 CompilerThread2" daemon [_thread_blocked, id=22787, stack(0x0000700007dca000,0x0000700007eca000)]
  0x00007fac52024800 JavaThread "C2 CompilerThread1" daemon [_thread_blocked, id=43267, stack(0x0000700007cc7000,0x0000700007dc7000)]
  0x00007fac5100d800 JavaThread "C2 CompilerThread0" daemon [_thread_blocked, id=22019, stack(0x0000700007bc4000,0x0000700007cc4000)]
  0x00007fac5100d000 JavaThread "Signal Dispatcher" daemon [_thread_blocked, id=16391, stack(0x0000700007ac1000,0x0000700007bc1000)]
  0x00007fac51850800 JavaThread "Finalizer" daemon [_thread_blocked, id=14339, stack(0x00007000079be000,0x0000700007abe000)]
  0x00007fac51850000 JavaThread "Reference Handler" daemon [_thread_blocked, id=18179, stack(0x00007000078bb000,0x00007000079bb000)]
  0x00007fac51816000 JavaThread "main" [_thread_blocked, id=6403, stack(0x0000700006b94000,0x0000700006c94000)]

Other Threads:
  0x00007fac51028000 VMThread "VM Thread" [stack: 0x00007000077b8000,0x00007000078b8000] [id=18691]
  0x00007fac5206e800 WatcherThread [stack: 0x00007000082d9000,0x00007000083d9000] [id=24323]
  0x00007fac5181c000 GCTaskThread "GC Thread#0" [stack: 0x0000700006c97000,0x0000700006d97000] [id=11011]
  0x00007fac5181c800 GCTaskThread "GC Thread#1" [stack: 0x0000700006d9a000,0x0000700006e9a000] [id=21507]
  0x00007fac51003800 GCTaskThread "GC Thread#2" [stack: 0x0000700006e9d000,0x0000700006f9d000] [id=11779]
  0x00007fac5200a000 GCTaskThread "GC Thread#3" [stack: 0x0000700006fa0000,0x00007000070a0000] [id=20995]
  0x00007fac51827800 ConcurrentGCThread "G1 Main Marker" [stack: 0x00007000075b2000,0x00007000076b2000] [id=13571]
  0x00007fac52803000 ConcurrentGCThread "G1 Marker#0" [stack: 0x00007000076b5000,0x00007000077b5000] [id=14083]
  0x00007fac51018800 ConcurrentGCThread "G1 Refine#0" [stack: 0x00007000073ac000,0x00007000074ac000] [id=19971]
  0x00007fac5200a800 ConcurrentGCThread "G1 Refine#1" [stack: 0x00007000072a9000,0x00007000073a9000] [id=20227]
  0x00007fac5181e000 ConcurrentGCThread "G1 Refine#2" [stack: 0x00007000071a6000,0x00007000072a6000] [id=12291]
  0x00007fac5181d000 ConcurrentGCThread "G1 Refine#3" [stack: 0x00007000070a3000,0x00007000071a3000] [id=12035]
  0x00007fac5200b800 ConcurrentGCThread "G1 Young RemSet Sampling" [stack: 0x00007000074af000,0x00007000075af000] [id=13315]

Threads with active compile tasks:

VM state:not at safepoint (normal execution)

VM Mutex/Monitor currently owned by a thread: None

Heap address: 0x0000000780000000, size: 1024 MB, Compressed Oops mode: Zero based, Oop shift amount: 3
Narrow klass base: 0x0000000000000000, Narrow klass shift: 3
Compressed class space size: 1073741824 Address: 0x00000007c0000000

Heap:
 garbage-first heap   total 65536K, used 27347K [0x0000000780000000, 0x0000000780100200, 0x00000007c0000000)
  region size 1024K, 25 young (25600K), 2 survivors (2048K)
 Metaspace       used 19843K, capacity 20818K, committed 20864K, reserved 1067008K
  class space    used 2228K, capacity 2420K, committed 2432K, reserved 1048576K
Heap Regions: E=young(eden), S=young(survivor), O=old, HS=humongous(starts), HC=humongous(continues), CS=collection set, F=free, A=archive, TS=gc time stamp, AC=allocation context, TAMS=top-at-mark-start (previous, next)
|   0|0x0000000780000000, 0x00000007800b4e00, 0x0000000780100000| 70%| O|  |TS  1|AC  0|TAMS 0x0000000780000000, 0x0000000780000000|
|   1|0x0000000780100000, 0x0000000780200000, 0x0000000780200000|100%|HS|  |TS  0|AC  0|TAMS 0x0000000780100000, 0x0000000780100000|
|   2|0x0000000780200000, 0x0000000780300000, 0x0000000780300000|100%|HC|  |TS  0|AC  0|TAMS 0x0000000780200000, 0x0000000780200000|
|   3|0x0000000780300000, 0x0000000780300000, 0x0000000780400000|  0%| F|  |TS  0|AC  0|TAMS 0x0000000780300000, 0x0000000780300000|
|   4|0x0000000780400000, 0x0000000780400000, 0x0000000780500000|  0%| F|  |TS  0|AC  0|TAMS 0x0000000780400000, 0x0000000780400000|
|   5|0x0000000780500000, 0x0000000780500000, 0x0000000780600000|  0%| F|  |TS  0|AC  0|TAMS 0x0000000780500000, 0x0000000780500000|
|   6|0x0000000780600000, 0x0000000780600000, 0x0000000780700000|  0%| F|  |TS  0|AC  0|TAMS 0x0000000780600000, 0x0000000780600000|
|   7|0x0000000780700000, 0x0000000780700000, 0x0000000780800000|  0%| F|  |TS  0|AC  0|TAMS 0x0000000780700000, 0x0000000780700000|
|   8|0x0000000780800000, 0x0000000780800000, 0x0000000780900000|  0%| F|  |TS  0|AC  0|TAMS 0x0000000780800000, 0x0000000780800000|
|   9|0x0000000780900000, 0x0000000780900000, 0x0000000780a00000|  0%| F|  |TS  0|AC  0|TAMS 0x0000000780900000, 0x0000000780900000|
|  10|0x0000000780a00000, 0x0000000780a00000, 0x0000000780b00000|  0%| F|  |TS  0|AC  0|TAMS 0x0000000780a00000, 0x0000000780a00000|
|  11|0x0000000780b00000, 0x0000000780b00000, 0x0000000780c00000|  0%| F|  |TS  0|AC  0|TAMS 0x0000000780b00000, 0x0000000780b00000|
|  12|0x0000000780c00000, 0x0000000780c00000, 0x0000000780d00000|  0%| F|  |TS  0|AC  0|TAMS 0x0000000780c00000, 0x0000000780c00000|
|  13|0x0000000780d00000, 0x0000000780d00000, 0x0000000780e00000|  0%| F|  |TS  0|AC  0|TAMS 0x0000000780d00000, 0x0000000780d00000|
|  14|0x0000000780e00000, 0x0000000780e00000, 0x0000000780f00000|  0%| F|  |TS  0|AC  0|TAMS 0x0000000780e00000, 0x0000000780e00000|
|  15|0x0000000780f00000, 0x0000000780f00000, 0x0000000781000000|  0%| F|  |TS  0|AC  0|TAMS 0x0000000780f00000, 0x0000000780f00000|
|  16|0x0000000781000000, 0x0000000781000000, 0x0000000781100000|  0%| F|  |TS  0|AC  0|TAMS 0x0000000781000000, 0x0000000781000000|
|  17|0x0000000781100000, 0x0000000781100000, 0x0000000781200000|  0%| F|  |TS  0|AC  0|TAMS 0x0000000781100000, 0x0000000781100000|
|  18|0x0000000781200000, 0x0000000781200000, 0x0000000781300000|  0%| F|  |TS  0|AC  0|TAMS 0x0000000781200000, 0x0000000781200000|
|  19|0x0000000781300000, 0x0000000781300000, 0x0000000781400000|  0%| F|  |TS  0|AC  0|TAMS 0x0000000781300000, 0x0000000781300000|
|  20|0x0000000781400000, 0x0000000781400000, 0x0000000781500000|  0%| F|  |TS  0|AC  0|TAMS 0x0000000781400000, 0x0000000781400000|
|  21|0x0000000781500000, 0x0000000781500000, 0x0000000781600000|  0%| F|  |TS  0|AC  0|TAMS 0x0000000781500000, 0x0000000781500000|
|  22|0x0000000781600000, 0x0000000781600000, 0x0000000781700000|  0%| F|  |TS  0|AC  0|TAMS 0x0000000781600000, 0x0000000781600000|
|  23|0x0000000781700000, 0x0000000781700000, 0x0000000781800000|  0%| F|  |TS  0|AC  0|TAMS 0x0000000781700000, 0x0000000781700000|
|  24|0x0000000781800000, 0x0000000781800000, 0x0000000781900000|  0%| F|  |TS  0|AC  0|TAMS 0x0000000781800000, 0x0000000781800000|
|  25|0x0000000781900000, 0x0000000781900000, 0x0000000781a00000|  0%| F|  |TS  0|AC  0|TAMS 0x0000000781900000, 0x0000000781900000|
|  26|0x0000000781a00000, 0x0000000781a00000, 0x0000000781b00000|  0%| F|  |TS  0|AC  0|TAMS 0x0000000781a00000, 0x0000000781a00000|
|  27|0x0000000781b00000, 0x0000000781b00000, 0x0000000781c00000|  0%| F|  |TS  0|AC  0|TAMS 0x0000000781b00000, 0x0000000781b00000|
|  28|0x0000000781c00000, 0x0000000781c00000, 0x0000000781d00000|  0%| F|  |TS  0|AC  0|TAMS 0x0000000781c00000, 0x0000000781c00000|
|  29|0x0000000781d00000, 0x0000000781d00000, 0x0000000781e00000|  0%| F|  |TS  0|AC  0|TAMS 0x0000000781d00000, 0x0000000781d00000|
|  30|0x0000000781e00000, 0x0000000781e00000, 0x0000000781f00000|  0%| F|  |TS  0|AC  0|TAMS 0x0000000781e00000, 0x0000000781e00000|
|  31|0x0000000781f00000, 0x0000000781f00000, 0x0000000782000000|  0%| F|  |TS  0|AC  0|TAMS 0x0000000781f00000, 0x0000000781f00000|
|  32|0x0000000782000000, 0x0000000782000000, 0x0000000782100000|  0%| F|  |TS  0|AC  0|TAMS 0x0000000782000000, 0x0000000782000000|
|  33|0x0000000782100000, 0x0000000782100000, 0x0000000782200000|  0%| F|  |TS  0|AC  0|TAMS 0x0000000782100000, 0x0000000782100000|
|  34|0x0000000782200000, 0x0000000782200000, 0x0000000782300000|  0%| F|  |TS  0|AC  0|TAMS 0x0000000782200000, 0x0000000782200000|
|  35|0x0000000782300000, 0x0000000782300000, 0x0000000782400000|  0%| F|  |TS  0|AC  0|TAMS 0x0000000782300000, 0x0000000782300000|
|  36|0x0000000782400000, 0x0000000782400000, 0x0000000782500000|  0%| F|  |TS  0|AC  0|TAMS 0x0000000782400000, 0x0000000782400000|
|  37|0x0000000782500000, 0x0000000782500000, 0x0000000782600000|  0%| F|  |TS  0|AC  0|TAMS 0x0000000782500000, 0x0000000782500000|
|  38|0x0000000782600000, 0x0000000782600000, 0x0000000782700000|  0%| F|  |TS  0|AC  0|TAMS 0x0000000782600000, 0x0000000782600000|
|  39|0x0000000782700000, 0x000000078276b250, 0x0000000782800000| 41%| E|  |TS  0|AC  0|TAMS 0x0000000782700000, 0x0000000782700000|
|  40|0x0000000782800000, 0x0000000782900000, 0x0000000782900000|100%| E|CS|TS  0|AC  0|TAMS 0x0000000782800000, 0x0000000782800000|
|  41|0x0000000782900000, 0x0000000782a00000, 0x0000000782a00000|100%| E|CS|TS  0|AC  0|TAMS 0x0000000782900000, 0x0000000782900000|
|  42|0x0000000782a00000, 0x0000000782b00000, 0x0000000782b00000|100%| E|CS|TS  0|AC  0|TAMS 0x0000000782a00000, 0x0000000782a00000|
|  43|0x0000000782b00000, 0x0000000782c00000, 0x0000000782c00000|100%| E|CS|TS  0|AC  0|TAMS 0x0000000782b00000, 0x0000000782b00000|
|  44|0x0000000782c00000, 0x0000000782d00000, 0x0000000782d00000|100%| E|CS|TS  0|AC  0|TAMS 0x0000000782c00000, 0x0000000782c00000|
|  45|0x0000000782d00000, 0x0000000782e00000, 0x0000000782e00000|100%| E|CS|TS  0|AC  0|TAMS 0x0000000782d00000, 0x0000000782d00000|
|  46|0x0000000782e00000, 0x0000000782f00000, 0x0000000782f00000|100%| E|CS|TS  0|AC  0|TAMS 0x0000000782e00000, 0x0000000782e00000|
|  47|0x0000000782f00000, 0x0000000783000000, 0x0000000783000000|100%| E|CS|TS  0|AC  0|TAMS 0x0000000782f00000, 0x0000000782f00000|
|  48|0x0000000783000000, 0x0000000783100000, 0x0000000783100000|100%| S|CS|TS  1|AC  0|TAMS 0x0000000783000000, 0x0000000783000000|
|  49|0x0000000783100000, 0x0000000783200000, 0x0000000783200000|100%| S|CS|TS  1|AC  0|TAMS 0x0000000783100000, 0x0000000783100000|
|  50|0x0000000783200000, 0x0000000783300000, 0x0000000783300000|100%| E|CS|TS  1|AC  0|TAMS 0x0000000783200000, 0x0000000783200000|
|  51|0x0000000783300000, 0x0000000783400000, 0x0000000783400000|100%| E|CS|TS  1|AC  0|TAMS 0x0000000783300000, 0x0000000783300000|
|  52|0x0000000783400000, 0x0000000783500000, 0x0000000783500000|100%| E|CS|TS  1|AC  0|TAMS 0x0000000783400000, 0x0000000783400000|
|  53|0x0000000783500000, 0x0000000783600000, 0x0000000783600000|100%| E|CS|TS  1|AC  0|TAMS 0x0000000783500000, 0x0000000783500000|
|  54|0x0000000783600000, 0x0000000783700000, 0x0000000783700000|100%| E|CS|TS  1|AC  0|TAMS 0x0000000783600000, 0x0000000783600000|
|  55|0x0000000783700000, 0x0000000783800000, 0x0000000783800000|100%| E|CS|TS  1|AC  0|TAMS 0x0000000783700000, 0x0000000783700000|
|  56|0x0000000783800000, 0x0000000783900000, 0x0000000783900000|100%| E|CS|TS  1|AC  0|TAMS 0x0000000783800000, 0x0000000783800000|
|  57|0x0000000783900000, 0x0000000783a00000, 0x0000000783a00000|100%| E|CS|TS  1|AC  0|TAMS 0x0000000783900000, 0x0000000783900000|
|  58|0x0000000783a00000, 0x0000000783b00000, 0x0000000783b00000|100%| E|CS|TS  1|AC  0|TAMS 0x0000000783a00000, 0x0000000783a00000|
|  59|0x0000000783b00000, 0x0000000783c00000, 0x0000000783c00000|100%| E|CS|TS  1|AC  0|TAMS 0x0000000783b00000, 0x0000000783b00000|
|  60|0x0000000783c00000, 0x0000000783d00000, 0x0000000783d00000|100%| E|CS|TS  1|AC  0|TAMS 0x0000000783c00000, 0x0000000783c00000|
|  61|0x0000000783d00000, 0x0000000783e00000, 0x0000000783e00000|100%| E|CS|TS  1|AC  0|TAMS 0x0000000783d00000, 0x0000000783d00000|
|  62|0x0000000783e00000, 0x0000000783f00000, 0x0000000783f00000|100%| E|CS|TS  1|AC  0|TAMS 0x0000000783e00000, 0x0000000783e00000|
|  63|0x0000000783f00000, 0x0000000784000000, 0x0000000784000000|100%| E|CS|TS  1|AC  0|TAMS 0x0000000783f00000, 0x0000000783f00000|

Card table byte_map: [0x0000000128fdd000,0x00000001291dd000] byte_map_base: 0x00000001253dd000

Marking Bits (Prev, Next): (CMBitMap*) 0x00007fac51826a70, (CMBitMap*) 0x00007fac51826aa8
 Prev Bits: [0x00000001293dd000, 0x000000012a3dd000)
 Next Bits: [0x000000012a3dd000, 0x000000012b3dd000)

Polling page: 0x000000010d756000

CodeHeap 'non-profiled nmethods': size=120032Kb used=594Kb max_used=594Kb free=119437Kb
 bounds [0x00000001216a5000, 0x0000000121915000, 0x0000000128bdd000]
CodeHeap 'profiled nmethods': size=120032Kb used=2914Kb max_used=2914Kb free=117117Kb
 bounds [0x000000011a16d000, 0x000000011a44d000, 0x00000001216a5000]
CodeHeap 'non-nmethods': size=5696Kb used=1415Kb max_used=1428Kb free=4280Kb
 bounds [0x0000000119bdd000, 0x0000000119e4d000, 0x000000011a16d000]
 total_blobs=2607 nmethods=1566 adapters=615
 compilation: enabled

Compilation events (10 events):
Event: 4.509 Thread 0x00007fac5185e000 1561       3       com.sun.javafx.sg.prism.GrowableDataBuffer::getInt (102 bytes)
Event: 4.510 Thread 0x00007fac5185e000 nmethod 1561 0x000000011a443a90 code [0x000000011a443c60, 0x000000011a443fe8]
Event: 4.510 Thread 0x00007fac5185e000 1562       3       com.sun.javafx.geom.transform.BaseTransform::almostZero (22 bytes)
Event: 4.510 Thread 0x00007fac5185e000 nmethod 1562 0x000000011a444190 code [0x000000011a444360, 0x000000011a444570]
Event: 4.510 Thread 0x00007fac5185e000 1563       1       com.sun.prism.impl.ps.BaseShaderContext$State::access$1200 (5 bytes)
Event: 4.510 Thread 0x00007fac5185e000 nmethod 1563 0x0000000121739390 code [0x0000000121739540, 0x0000000121739630]
Event: 4.523 Thread 0x00007fac5185e000 1564       3       com.sun.glass.ui.Application::GetApplication (4 bytes)
Event: 4.524 Thread 0x00007fac5185e000 nmethod 1564 0x000000011a444610 code [0x000000011a4447c0, 0x000000011a444910]
Event: 4.525 Thread 0x00007fac5185e000 1566       3       com.sun.javafx.geom.RectBounds::isEmpty (30 bytes)
Event: 4.525 Thread 0x00007fac5185e000 nmethod 1566 0x000000011a444990 code [0x000000011a444b40, 0x000000011a444d90]

GC Heap History (2 events):
Event: 1.161 GC heap before
{Heap before GC invocations=0 (full 0):
 garbage-first heap   total 65536K, used 14336K [0x0000000780000000, 0x0000000780100200, 0x00000007c0000000)
  region size 1024K, 14 young (14336K), 0 survivors (0K)
 Metaspace       used 11675K, capacity 12320K, committed 12544K, reserved 1060864K
  class space    used 1276K, capacity 1413K, committed 1536K, reserved 1048576K
}
Event: 1.167 GC heap after
{Heap after GC invocations=1 (full 0):
 garbage-first heap   total 65536K, used 2771K [0x0000000780000000, 0x0000000780100200, 0x00000007c0000000)
  region size 1024K, 2 young (2048K), 2 survivors (2048K)
 Metaspace       used 11675K, capacity 12320K, committed 12544K, reserved 1060864K
  class space    used 1276K, capacity 1413K, committed 1536K, reserved 1048576K
}

Deoptimization events (10 events):
Event: 2.242 Thread 0x00007fac5114e800 Uncommon trap: reason=class_check action=maybe_recompile pc=0x0000000121703df0 method=java.util.regex.Pattern$SliceI.match(Ljava/util/regex/Matcher;ILjava/lang/CharSequence;)Z @ 92 c2
Event: 2.253 Thread 0x00007fac5114e800 Uncommon trap: reason=class_check action=maybe_recompile pc=0x0000000121703df0 method=java.util.regex.Pattern$SliceI.match(Ljava/util/regex/Matcher;ILjava/lang/CharSequence;)Z @ 92 c2
Event: 2.253 Thread 0x00007fac5114e800 Uncommon trap: reason=class_check action=maybe_recompile pc=0x00000001216f6658 method=java.util.HashMap.putVal(ILjava/lang/Object;Ljava/lang/Object;ZZ)Ljava/lang/Object; @ 91 c2
Event: 2.254 Thread 0x00007fac5114e800 Uncommon trap: reason=class_check action=maybe_recompile pc=0x00000001216f6658 method=java.util.HashMap.putVal(ILjava/lang/Object;Ljava/lang/Object;ZZ)Ljava/lang/Object; @ 91 c2
Event: 2.258 Thread 0x00007fac5114e800 Uncommon trap: reason=class_check action=maybe_recompile pc=0x00000001216f6658 method=java.util.HashMap.putVal(ILjava/lang/Object;Ljava/lang/Object;ZZ)Ljava/lang/Object; @ 91 c2
Event: 2.271 Thread 0x00007fac5114e800 Uncommon trap: reason=unstable_if action=reinterpret pc=0x00000001216b9128 method=java.lang.String.equals(Ljava/lang/Object;)Z @ 27 c2
Event: 2.750 Thread 0x00007fac5114e800 Uncommon trap: reason=unstable_if action=reinterpret pc=0x00000001216f07c8 method=java.io.ByteArrayInputStream.read()I @ 8 c2
Event: 3.282 Thread 0x00007fac5114e800 Uncommon trap: reason=bimorphic_or_optimized_type_check action=maybe_recompile pc=0x00000001217028b0 method=java.util.concurrent.ConcurrentHashMap.get(Ljava/lang/Object;)Ljava/lang/Object; @ 149 c2
Event: 3.285 Thread 0x00007fac5114e800 Uncommon trap: reason=unstable_if action=reinterpret pc=0x0000000121716cbc method=java.nio.Buffer.position(I)Ljava/nio/Buffer; @ 45 c2
Event: 3.285 Thread 0x00007fac5114e800 Uncommon trap: reason=unstable_if action=reinterpret pc=0x000000012170698c method=java.io.ByteArrayInputStream.read([BII)I @ 44 c2

Classes redefined (0 events):
No events

Internal exceptions (10 events):
Event: 1.412 Thread 0x00007fac5114e800 Exception <a 'java/lang/NoSuchMethodError'{0x0000000783b2b778}: java.lang.invoke.DirectMethodHandle$Holder.invokeStaticInit(Ljava/lang/Object;Ljava/lang/Object;)I> (0x0000000783b2b778) thrown at [/HUDSON/workspace/9-2-build-macosx-x86_64-phase2/jdk9/6725/
Event: 1.413 Thread 0x00007fac5114e800 Exception <a 'java/lang/NoSuchMethodError'{0x0000000783b33bb0}: java.lang.invoke.DirectMethodHandle$Holder.invokeInterface(Ljava/lang/Object;Ljava/lang/Object;Ljava/lang/Object;)I> (0x0000000783b33bb0) thrown at [/HUDSON/workspace/9-2-build-macosx-x86_64-
Event: 1.442 Thread 0x00007fac5114e800 Exception <a 'java/lang/NoSuchMethodError'{0x0000000783bbba60}: java.lang.Object.lambda$negate$3(I)Z> (0x0000000783bbba60) thrown at [/HUDSON/workspace/9-2-build-macosx-x86_64-phase2/jdk9/6725/hotspot/src/share/vm/interpreter/linkResolver.cpp, line 731]
Event: 3.970 Thread 0x00007fac5114e800 Exception <a 'java/lang/NoSuchMethodError'{0x0000000782928a88}: method resolution failed> (0x0000000782928a88) thrown at [/HUDSON/workspace/9-2-build-macosx-x86_64-phase2/jdk9/6725/hotspot/src/share/vm/prims/methodHandles.cpp, line 1256]
Event: 3.971 Thread 0x00007fac5114e800 Exception <a 'java/lang/NoSuchMethodError'{0x0000000782931250}: method resolution failed> (0x0000000782931250) thrown at [/HUDSON/workspace/9-2-build-macosx-x86_64-phase2/jdk9/6725/hotspot/src/share/vm/prims/methodHandles.cpp, line 1256]
Event: 3.972 Thread 0x00007fac5114e800 Exception <a 'java/lang/NoSuchMethodError'{0x0000000782938048}: java.lang.invoke.DirectMethodHandle$Holder.invokeStatic(Ljava/lang/Object;Ljava/lang/Object;JIII)Ljava/lang/Object;> (0x0000000782938048) thrown at [/HUDSON/workspace/9-2-build-macosx-x86_64-
Event: 3.972 Thread 0x00007fac5114e800 Exception <a 'java/lang/NoSuchMethodError'{0x000000078293b948}: method resolution failed> (0x000000078293b948) thrown at [/HUDSON/workspace/9-2-build-macosx-x86_64-phase2/jdk9/6725/hotspot/src/share/vm/prims/methodHandles.cpp, line 1256]
Event: 3.973 Thread 0x00007fac5114e800 Exception <a 'java/lang/NoSuchMethodError'{0x0000000782945a10}: method resolution failed> (0x0000000782945a10) thrown at [/HUDSON/workspace/9-2-build-macosx-x86_64-phase2/jdk9/6725/hotspot/src/share/vm/prims/methodHandles.cpp, line 1256]
Event: 3.974 Thread 0x00007fac5114e800 Exception <a 'java/lang/NoSuchMethodError'{0x000000078294d4b8}: java.lang.invoke.DirectMethodHandle$Holder.invokeStatic(Ljava/lang/Object;Ljava/lang/Object;ILjava/lang/Object;JIIII)Ljava/lang/Object;> (0x000000078294d4b8) thrown at [/HUDSON/workspace/9-2-
Event: 3.974 Thread 0x00007fac5114e800 Exception <a 'java/lang/NoSuchMethodError'{0x0000000782951180}: method resolution failed> (0x0000000782951180) thrown at [/HUDSON/workspace/9-2-build-macosx-x86_64-phase2/jdk9/6725/hotspot/src/share/vm/prims/methodHandles.cpp, line 1256]

Events (10 events):
Event: 3.975 loading class com/sun/glass/ui/View
Event: 3.975 loading class com/sun/glass/ui/View done
Event: 3.975 loading class com/sun/javafx/tk/quantum/GlassViewEventHandler
Event: 3.975 loading class com/sun/javafx/tk/quantum/GlassViewEventHandler done
Event: 3.976 loading class com/sun/javafx/tk/quantum/GlassViewEventHandler
Event: 3.976 loading class com/sun/javafx/tk/quantum/GlassViewEventHandler done
Event: 3.976 loading class com/sun/javafx/tk/quantum/GlassViewEventHandler
Event: 3.976 loading class com/sun/javafx/tk/quantum/GlassViewEventHandler done
Event: 4.289 Executing VM operation: EnableBiasedLocking
Event: 4.290 Executing VM operation: EnableBiasedLocking done


Dynamic libraries:
0x00007fff4fb5c000 	/System/Library/Frameworks/Cocoa.framework/Versions/A/Cocoa
0x00007fff5bf19000 	/System/Library/Frameworks/Security.framework/Versions/A/Security
0x00007fff4e7cb000 	/System/Library/Frameworks/ApplicationServices.framework/Versions/A/ApplicationServices
0x00007fff77a8d000 	/usr/lib/libz.1.dylib
0x00007fff75aa1000 	/usr/lib/libSystem.B.dylib
0x00007fff502f6000 	/System/Library/Frameworks/CoreFoundation.framework/Versions/A/CoreFoundation
0x00007fff5242c000 	/System/Library/Frameworks/Foundation.framework/Versions/C/Foundation
0x00007fff770a2000 	/usr/lib/libobjc.A.dylib
0x00007fff4d91c000 	/System/Library/Frameworks/AppKit.framework/Versions/C/AppKit
0x00007fff4fed4000 	/System/Library/Frameworks/CoreData.framework/Versions/A/CoreData
0x00007fff6f4d2000 	/System/Library/PrivateFrameworks/RemoteViewServices.framework/Versions/A/RemoteViewServices
0x00007fff73b27000 	/System/Library/PrivateFrameworks/UIFoundation.framework/Versions/A/UIFoundation
0x00007fff64518000 	/System/Library/PrivateFrameworks/DFRFoundation.framework/Versions/A/DFRFoundation
0x00007fff54903000 	/System/Library/Frameworks/Metal.framework/Versions/A/Metal
0x00007fff646b9000 	/System/Library/PrivateFrameworks/DesktopServicesPriv.framework/Versions/A/DesktopServicesPriv
0x00007fff766a4000 	/usr/lib/libenergytrace.dylib
0x00007fff71c4b000 	/System/Library/PrivateFrameworks/SkyLight.framework/Versions/A/SkyLight
0x00007fff50798000 	/System/Library/Frameworks/CoreGraphics.framework/Versions/A/CoreGraphics
0x00007fff75a9c000 	/usr/lib/libScreenReader.dylib
0x00007fff4c8dd000 	/System/Library/Frameworks/Accelerate.framework/Versions/A/Accelerate
0x00007fff52ba3000 	/System/Library/Frameworks/IOSurface.framework/Versions/A/IOSurface
0x00007fff4ed15000 	/System/Library/Frameworks/AudioToolbox.framework/Versions/A/AudioToolbox
0x00007fff4efa2000 	/System/Library/Frameworks/AudioUnit.framework/Versions/A/AudioUnit
0x00007fff645b4000 	/System/Library/PrivateFrameworks/DataDetectorsCore.framework/Versions/A/DataDetectorsCore
0x00007fff4f663000 	/System/Library/Frameworks/Carbon.framework/Versions/A/Frameworks/HIToolbox.framework/Versions/A/HIToolbox
0x00007fff767fe000 	/usr/lib/libicucore.A.dylib
0x00007fff5b498000 	/System/Library/Frameworks/QuartzCore.framework/Versions/A/QuartzCore
0x00007fff4fa49000 	/System/Library/Frameworks/Carbon.framework/Versions/A/Frameworks/SpeechRecognition.framework/Versions/A/SpeechRecognition
0x00007fff75bfd000 	/usr/lib/libauto.dylib
0x00007fff7797c000 	/usr/lib/libxml2.2.dylib
0x00007fff64192000 	/System/Library/PrivateFrameworks/CoreUI.framework/Versions/A/CoreUI
0x00007fff4fdb0000 	/System/Library/Frameworks/CoreAudio.framework/Versions/A/CoreAudio
0x00007fff52266000 	/System/Library/Frameworks/DiskArbitration.framework/Versions/A/DiskArbitration
0x00007fff76a72000 	/usr/lib/liblangid.dylib
0x00007fff6ba1d000 	/System/Library/PrivateFrameworks/MultitouchSupport.framework/Versions/A/MultitouchSupport
0x00007fff52b06000 	/System/Library/Frameworks/IOKit.framework/Versions/A/IOKit
0x00007fff75739000 	/usr/lib/libDiagnosticMessagesClient.dylib
0x00007fff51456000 	/System/Library/Frameworks/CoreServices.framework/Versions/A/CoreServices
0x00007fff6d4b7000 	/System/Library/PrivateFrameworks/PerformanceAnalysis.framework/Versions/A/PerformanceAnalysis
0x00007fff5a642000 	/System/Library/Frameworks/OpenGL.framework/Versions/A/OpenGL
0x00007fff4fb6a000 	/System/Library/Frameworks/ColorSync.framework/Versions/A/ColorSync
0x00007fff50da7000 	/System/Library/Frameworks/CoreImage.framework/Versions/A/CoreImage
0x00007fff51dd7000 	/System/Library/Frameworks/CoreText.framework/Versions/A/CoreText
0x00007fff52c01000 	/System/Library/Frameworks/ImageIO.framework/Versions/A/ImageIO
0x00007fff609eb000 	/System/Library/PrivateFrameworks/Backup.framework/Versions/A/Backup
0x00007fff75b4d000 	/usr/lib/libarchive.2.dylib
0x00007fff4f2b7000 	/System/Library/Frameworks/CFNetwork.framework/Versions/A/CFNetwork
0x00007fff5c695000 	/System/Library/Frameworks/SystemConfiguration.framework/Versions/A/SystemConfiguration
0x00007fff75662000 	/usr/lib/libCRFSuite.dylib
0x00007fff75cd5000 	/usr/lib/libc++.1.dylib
0x00007fff75d2c000 	/usr/lib/libc++abi.dylib
0x00007fff77b3d000 	/usr/lib/system/libcache.dylib
0x00007fff77b42000 	/usr/lib/system/libcommonCrypto.dylib
0x00007fff77b4d000 	/usr/lib/system/libcompiler_rt.dylib
0x00007fff77b55000 	/usr/lib/system/libcopyfile.dylib
0x00007fff77b5e000 	/usr/lib/system/libcorecrypto.dylib
0x00007fff77c6b000 	/usr/lib/system/libdispatch.dylib
0x00007fff77ca5000 	/usr/lib/system/libdyld.dylib
0x00007fff77cc3000 	/usr/lib/system/libkeymgr.dylib
0x00007fff77cd1000 	/usr/lib/system/liblaunch.dylib
0x00007fff77cd2000 	/usr/lib/system/libmacho.dylib
0x00007fff77cd7000 	/usr/lib/system/libquarantine.dylib
0x00007fff77cda000 	/usr/lib/system/libremovefile.dylib
0x00007fff77cdc000 	/usr/lib/system/libsystem_asl.dylib
0x00007fff77cf4000 	/usr/lib/system/libsystem_blocks.dylib
0x00007fff77cf5000 	/usr/lib/system/libsystem_c.dylib
0x00007fff77d7f000 	/usr/lib/system/libsystem_configuration.dylib
0x00007fff77d83000 	/usr/lib/system/libsystem_coreservices.dylib
0x00007fff77d87000 	/usr/lib/system/libsystem_darwin.dylib
0x00007fff77d89000 	/usr/lib/system/libsystem_dnssd.dylib
0x00007fff77d90000 	/usr/lib/system/libsystem_info.dylib
0x00007fff77e00000 	/usr/lib/system/libsystem_m.dylib
0x00007fff77e4c000 	/usr/lib/system/libsystem_malloc.dylib
0x00007fff77e6c000 	/usr/lib/system/libsystem_network.dylib
0x00007fff77f11000 	/usr/lib/system/libsystem_networkextension.dylib
0x00007fff77f1c000 	/usr/lib/system/libsystem_notify.dylib
0x00007fff77f3a000 	/usr/lib/system/libsystem_sandbox.dylib
0x00007fff77f3e000 	/usr/lib/system/libsystem_secinit.dylib
0x00007fff77dda000 	/usr/lib/system/libsystem_kernel.dylib
0x00007fff77f26000 	/usr/lib/system/libsystem_platform.dylib
0x00007fff77f2e000 	/usr/lib/system/libsystem_pthread.dylib
0x00007fff77f40000 	/usr/lib/system/libsystem_symptoms.dylib
0x00007fff77f48000 	/usr/lib/system/libsystem_trace.dylib
0x00007fff77f5d000 	/usr/lib/system/libunwind.dylib
0x00007fff77f63000 	/usr/lib/system/libxpc.dylib
0x00007fff7558f000 	/usr/lib/closure/libclosured.dylib
0x00007fff75cb6000 	/usr/lib/libbsm.0.dylib
0x00007fff77cc4000 	/usr/lib/system/libkxld.dylib
0x00007fff75973000 	/usr/lib/libOpenScriptingUtil.dylib
0x00007fff76026000 	/usr/lib/libcoretls.dylib
0x00007fff7603f000 	/usr/lib/libcoretls_cfhelpers.dylib
0x00007fff774a3000 	/usr/lib/libpam.2.dylib
0x00007fff775c9000 	/usr/lib/libsqlite3.dylib
0x00007fff7796b000 	/usr/lib/libxar.1.dylib
0x00007fff75cc7000 	/usr/lib/libbz2.1.0.dylib
0x00007fff76a74000 	/usr/lib/liblzma.5.dylib
0x00007fff76f55000 	/usr/lib/libnetwork.dylib
0x00007fff75b36000 	/usr/lib/libapple_nghttp2.dylib
0x00007fff774aa000 	/usr/lib/libpcap.A.dylib
0x00007fff75bfe000 	/usr/lib/libboringssl.dylib
0x00007fff7792d000 	/usr/lib/libusrtcp.dylib
0x00007fff75b35000 	/usr/lib/libapple_crypto.dylib
0x00007fff517d9000 	/System/Library/Frameworks/CoreServices.framework/Versions/A/Frameworks/FSEvents.framework/Versions/A/FSEvents
0x00007fff514cc000 	/System/Library/Frameworks/CoreServices.framework/Versions/A/Frameworks/CarbonCore.framework/Versions/A/CarbonCore
0x00007fff5199b000 	/System/Library/Frameworks/CoreServices.framework/Versions/A/Frameworks/Metadata.framework/Versions/A/Metadata
0x00007fff51a4b000 	/System/Library/Frameworks/CoreServices.framework/Versions/A/Frameworks/OSServices.framework/Versions/A/OSServices
0x00007fff51aa9000 	/System/Library/Frameworks/CoreServices.framework/Versions/A/Frameworks/SearchKit.framework/Versions/A/SearchKit
0x00007fff51457000 	/System/Library/Frameworks/CoreServices.framework/Versions/A/Frameworks/AE.framework/Versions/A/AE
0x00007fff517e2000 	/System/Library/Frameworks/CoreServices.framework/Versions/A/Frameworks/LaunchServices.framework/Versions/A/LaunchServices
0x00007fff517a4000 	/System/Library/Frameworks/CoreServices.framework/Versions/A/Frameworks/DictionaryServices.framework/Versions/A/DictionaryServices
0x00007fff51b18000 	/System/Library/Frameworks/CoreServices.framework/Versions/A/Frameworks/SharedFileList.framework/Versions/A/SharedFileList
0x00007fff55acf000 	/System/Library/Frameworks/NetFS.framework/Versions/A/NetFS
0x00007fff6bcaa000 	/System/Library/PrivateFrameworks/NetAuth.framework/Versions/A/NetAuth
0x00007fff75429000 	/System/Library/PrivateFrameworks/login.framework/Versions/A/Frameworks/loginsupport.framework/Versions/A/loginsupport
0x00007fff737ab000 	/System/Library/PrivateFrameworks/TCC.framework/Versions/A/TCC
0x00007fff76b55000 	/usr/lib/libmecabra.dylib
0x00007fff4e7cc000 	/System/Library/Frameworks/ApplicationServices.framework/Versions/A/Frameworks/ATS.framework/Versions/A/ATS
0x00007fff4eb7a000 	/System/Library/Frameworks/ApplicationServices.framework/Versions/A/Frameworks/ColorSyncLegacy.framework/Versions/A/ColorSyncLegacy
0x00007fff4ec1e000 	/System/Library/Frameworks/ApplicationServices.framework/Versions/A/Frameworks/HIServices.framework/Versions/A/HIServices
0x00007fff4ec71000 	/System/Library/Frameworks/ApplicationServices.framework/Versions/A/Frameworks/LangAnalysis.framework/Versions/A/LangAnalysis
0x00007fff4ec80000 	/System/Library/Frameworks/ApplicationServices.framework/Versions/A/Frameworks/PrintCore.framework/Versions/A/PrintCore
0x00007fff4eccd000 	/System/Library/Frameworks/ApplicationServices.framework/Versions/A/Frameworks/QD.framework/Versions/A/QD
0x00007fff4ed08000 	/System/Library/Frameworks/ApplicationServices.framework/Versions/A/Frameworks/SpeechSynthesis.framework/Versions/A/SpeechSynthesis
0x00007fff50229000 	/System/Library/Frameworks/CoreDisplay.framework/Versions/A/CoreDisplay
0x00007fff4c8f5000 	/System/Library/Frameworks/Accelerate.framework/Versions/A/Frameworks/vImage.framework/Versions/A/vImage
0x00007fff4d62c000 	/System/Library/Frameworks/Accelerate.framework/Versions/A/Frameworks/vecLib.framework/Versions/A/vecLib
0x00007fff4d3ce000 	/System/Library/Frameworks/Accelerate.framework/Versions/A/Frameworks/vecLib.framework/Versions/A/libvDSP.dylib
0x00007fff4cf4f000 	/System/Library/Frameworks/Accelerate.framework/Versions/A/Frameworks/vecLib.framework/Versions/A/libBNNS.dylib
0x00007fff4d355000 	/System/Library/Frameworks/Accelerate.framework/Versions/A/Frameworks/vecLib.framework/Versions/A/libQuadrature.dylib
0x00007fff4d57b000 	/System/Library/Frameworks/Accelerate.framework/Versions/A/Frameworks/vecLib.framework/Versions/A/libvMisc.dylib
0x00007fff4cf7e000 	/System/Library/Frameworks/Accelerate.framework/Versions/A/Frameworks/vecLib.framework/Versions/A/libLAPACK.dylib
0x00007fff4cdf4000 	/System/Library/Frameworks/Accelerate.framework/Versions/A/Frameworks/vecLib.framework/Versions/A/libBLAS.dylib
0x00007fff4d33f000 	/System/Library/Frameworks/Accelerate.framework/Versions/A/Frameworks/vecLib.framework/Versions/A/libLinearAlgebra.dylib
0x00007fff4d35b000 	/System/Library/Frameworks/Accelerate.framework/Versions/A/Frameworks/vecLib.framework/Versions/A/libSparse.dylib
0x00007fff4d3ba000 	/System/Library/Frameworks/Accelerate.framework/Versions/A/Frameworks/vecLib.framework/Versions/A/libSparseBLAS.dylib
0x00007fff6a34c000 	/System/Library/PrivateFrameworks/IOAccelerator.framework/Versions/A/IOAccelerator
0x00007fff6a357000 	/System/Library/PrivateFrameworks/IOPresentment.framework/Versions/A/IOPresentment
0x00007fff6452a000 	/System/Library/PrivateFrameworks/DSExternalDisplay.framework/Versions/A/DSExternalDisplay
0x00007fff59ac4000 	/System/Library/Frameworks/OpenGL.framework/Versions/A/Libraries/libCoreFSCache.dylib
0x00007fff51f26000 	/System/Library/Frameworks/CoreVideo.framework/Versions/A/CoreVideo
0x00007fff6999f000 	/System/Library/PrivateFrameworks/GraphVisualizer.framework/Versions/A/GraphVisualizer
0x00007fff54ac6000 	/System/Library/Frameworks/MetalPerformanceShaders.framework/Versions/A/MetalPerformanceShaders
0x00007fff75771000 	/usr/lib/libFosl_dynamic.dylib
0x00007fff6555d000 	/System/Library/PrivateFrameworks/FaceCore.framework/Versions/A/FaceCore
0x00007fff588cc000 	/System/Library/Frameworks/OpenCL.framework/Versions/A/OpenCL
0x00007fff75d63000 	/usr/lib/libcompression.dylib
0x00007fff4e8cb000 	/System/Library/Frameworks/ApplicationServices.framework/Versions/A/Frameworks/ATS.framework/Versions/A/Resources/libFontParser.dylib
0x00007fff4e9ee000 	/System/Library/Frameworks/ApplicationServices.framework/Versions/A/Frameworks/ATS.framework/Versions/A/Resources/libFontRegistry.dylib
0x00007fff52e66000 	/System/Library/Frameworks/ImageIO.framework/Versions/A/Resources/libJPEG.dylib
0x00007fff5318f000 	/System/Library/Frameworks/ImageIO.framework/Versions/A/Resources/libTIFF.dylib
0x00007fff53165000 	/System/Library/Frameworks/ImageIO.framework/Versions/A/Resources/libPng.dylib
0x00007fff52d79000 	/System/Library/Frameworks/ImageIO.framework/Versions/A/Resources/libGIF.dylib
0x00007fff52d7e000 	/System/Library/Frameworks/ImageIO.framework/Versions/A/Resources/libJP2.dylib
0x00007fff5318c000 	/System/Library/Frameworks/ImageIO.framework/Versions/A/Resources/libRadiance.dylib
0x00007fff6014c000 	/System/Library/PrivateFrameworks/AppleJPEG.framework/Versions/A/AppleJPEG
0x00007fff6b797000 	/System/Library/PrivateFrameworks/MetalTools.framework/Versions/A/MetalTools
0x00007fff5499f000 	/System/Library/Frameworks/MetalPerformanceShaders.framework/Frameworks/MPSCore.framework/Versions/A/MPSCore
0x00007fff549b5000 	/System/Library/Frameworks/MetalPerformanceShaders.framework/Frameworks/MPSImage.framework/Versions/A/MPSImage
0x00007fff54a21000 	/System/Library/Frameworks/MetalPerformanceShaders.framework/Frameworks/MPSMatrix.framework/Versions/A/MPSMatrix
0x00007fff54a45000 	/System/Library/Frameworks/MetalPerformanceShaders.framework/Frameworks/MPSNeuralNetwork.framework/Versions/A/MPSNeuralNetwork
0x00007fff59c8c000 	/System/Library/Frameworks/OpenGL.framework/Versions/A/Libraries/libGLU.dylib
0x00007fff59ace000 	/System/Library/Frameworks/OpenGL.framework/Versions/A/Libraries/libGFXShared.dylib
0x00007fff59ad7000 	/System/Library/Frameworks/OpenGL.framework/Versions/A/Libraries/libGL.dylib
0x00007fff59ae3000 	/System/Library/Frameworks/OpenGL.framework/Versions/A/Libraries/libGLImage.dylib
0x00007fff59ac1000 	/System/Library/Frameworks/OpenGL.framework/Versions/A/Libraries/libCVMSPluginSupport.dylib
0x00007fff59ac9000 	/System/Library/Frameworks/OpenGL.framework/Versions/A/Libraries/libCoreVMClient.dylib
0x00007fff76510000 	/usr/lib/libcups.2.dylib
0x00007fff53f6b000 	/System/Library/Frameworks/Kerberos.framework/Versions/A/Kerberos
0x00007fff52861000 	/System/Library/Frameworks/GSS.framework/Versions/A/GSS
0x00007fff7755d000 	/usr/lib/libresolv.9.dylib
0x00007fff7670c000 	/usr/lib/libiconv.2.dylib
0x00007fff69a26000 	/System/Library/PrivateFrameworks/Heimdal.framework/Versions/A/Heimdal
0x00007fff766db000 	/usr/lib/libheimdal-asn1.dylib
0x00007fff58937000 	/System/Library/Frameworks/OpenDirectory.framework/Versions/A/OpenDirectory
0x00007fff62402000 	/System/Library/PrivateFrameworks/CommonAuth.framework/Versions/A/CommonAuth
0x00007fff5891a000 	/System/Library/Frameworks/OpenDirectory.framework/Versions/A/Frameworks/CFOpenDirectory.framework/Versions/A/CFOpenDirectory
0x00007fff5c231000 	/System/Library/Frameworks/SecurityFoundation.framework/Versions/A/SecurityFoundation
0x00007fff5f338000 	/System/Library/PrivateFrameworks/APFS.framework/Versions/A/APFS
0x00007fff77967000 	/usr/lib/libutil.dylib
0x00007fff601cf000 	/System/Library/PrivateFrameworks/AppleSauce.framework/Versions/A/AppleSauce
0x00007fff6ab2e000 	/System/Library/PrivateFrameworks/LinguisticData.framework/Versions/A/LinguisticData
0x00007fff76a8e000 	/usr/lib/libmarisa.dylib
0x00007fff6aae8000 	/System/Library/PrivateFrameworks/Lexicon.framework/Versions/A/Lexicon
0x00007fff7569c000 	/usr/lib/libChineseTokenizer.dylib
0x00007fff75d52000 	/usr/lib/libcmph.dylib
0x00007fff6a9f2000 	/System/Library/PrivateFrameworks/LanguageModeling.framework/Versions/A/LanguageModeling
0x00007fff62e18000 	/System/Library/PrivateFrameworks/CoreEmoji.framework/Versions/A/CoreEmoji
0x00007fff5c2ed000 	/System/Library/Frameworks/ServiceManagement.framework/Versions/A/ServiceManagement
0x00007fff609e3000 	/System/Library/PrivateFrameworks/BackgroundTaskManagement.framework/Versions/A/BackgroundTaskManagement
0x00007fff77a64000 	/usr/lib/libxslt.1.dylib
0x00007fff4f973000 	/System/Library/Frameworks/Carbon.framework/Versions/A/Frameworks/Ink.framework/Versions/A/Ink
0x00007fff739bf000 	/System/Library/PrivateFrameworks/TextureIO.framework/Versions/A/TextureIO
0x00007fff75b78000 	/usr/lib/libate.dylib
0x00007fff6448c000 	/System/Library/PrivateFrameworks/CrashReporterSupport.framework/Versions/A/CrashReporterSupport
0x00007fff70e12000 	/System/Library/PrivateFrameworks/Sharing.framework/Versions/A/Sharing
0x00007fff6a738000 	/System/Library/PrivateFrameworks/IconServices.framework/Versions/A/IconServices
0x00007fff6f2d3000 	/System/Library/PrivateFrameworks/ProtocolBuffer.framework/Versions/A/ProtocolBuffer
0x00007fff5ffd7000 	/System/Library/PrivateFrameworks/Apple80211.framework/Versions/A/Apple80211
0x00007fff51f61000 	/System/Library/Frameworks/CoreWLAN.framework/Versions/A/CoreWLAN
0x00007fff642c7000 	/System/Library/PrivateFrameworks/CoreUtils.framework/Versions/A/CoreUtils
0x00007fff529a3000 	/System/Library/Frameworks/IOBluetooth.framework/Versions/A/IOBluetooth
0x00007fff64427000 	/System/Library/PrivateFrameworks/CoreWiFi.framework/Versions/A/CoreWiFi
0x00007fff4feaa000 	/System/Library/Frameworks/CoreBluetooth.framework/Versions/A/CoreBluetooth
0x00007fff70f4d000 	/System/Library/PrivateFrameworks/SignpostNotification.framework/Versions/A/SignpostNotification
0x00007fff64678000 	/System/Library/PrivateFrameworks/DebugSymbols.framework/Versions/A/DebugSymbols
0x00007fff6407e000 	/System/Library/PrivateFrameworks/CoreSymbolication.framework/Versions/A/CoreSymbolication
0x00007fff73235000 	/System/Library/PrivateFrameworks/Symbolication.framework/Versions/A/Symbolication
0x00007fff60001000 	/System/Library/PrivateFrameworks/AppleFSCompression.framework/Versions/A/AppleFSCompression
0x00007fff72696000 	/System/Library/PrivateFrameworks/SpeechRecognitionCore.framework/Versions/A/SpeechRecognitionCore
0x000000010e800000 	/Library/Java/JavaVirtualMachines/jdk-9.jdk/Contents/Home/lib/server/libjvm.dylib
0x00007fff7785e000 	/usr/lib/libstdc++.6.0.9.dylib
0x000000010d714000 	/Library/Java/JavaVirtualMachines/jdk-9.jdk/Contents/Home/lib/libverify.dylib
0x000000010d721000 	/Library/Java/JavaVirtualMachines/jdk-9.jdk/Contents/Home/lib/libjava.dylib
0x000000010d757000 	/Library/Java/JavaVirtualMachines/jdk-9.jdk/Contents/Home/lib/libinstrument.dylib
0x000000010d7ec000 	/Library/Java/JavaVirtualMachines/jdk-9.jdk/Contents/Home/lib/libzip.dylib
0x000000010d7f4000 	/Library/Java/JavaVirtualMachines/jdk-9.jdk/Contents/Home/lib/libjimage.dylib
0x000000010deaa000 	/Library/Java/JavaVirtualMachines/jdk-9.jdk/Contents/Home/lib/libnio.dylib
0x000000010deba000 	/Library/Java/JavaVirtualMachines/jdk-9.jdk/Contents/Home/lib/./libnet.dylib
0x000000010dfe1000 	/Library/Java/JavaVirtualMachines/jdk-9.jdk/Contents/Home/lib/libprism_es2.dylib
0x00007fff63cfe000 	/System/Library/PrivateFrameworks/CoreServicesInternal.framework/Versions/A/CoreServicesInternal
0x00007fff5a651000 	/System/Library/Frameworks/OpenGL.framework/Versions/A/Resources/GLEngine.bundle/GLEngine
0x00007fff59b1f000 	/System/Library/Frameworks/OpenGL.framework/Versions/A/Libraries/libGLProgrammability.dylib
0x000000012e305000 	/System/Library/Extensions/AppleIntelHD5000GraphicsGLDriver.bundle/Contents/MacOS/AppleIntelHD5000GraphicsGLDriver
0x00007fff68c53000 	/System/Library/PrivateFrameworks/GPUSupport.framework/Versions/A/Libraries/libGPUSupportMercury.dylib
0x00007fff5a7e9000 	/System/Library/Frameworks/OpenGL.framework/Versions/A/Resources/GLRendererFloat.bundle/GLRendererFloat
0x00007fff588c3000 	/System/Library/Frameworks/OpenCL.framework/Versions/A/Libraries/libcldcpuengine.dylib
0x00007fff761d9000 	/usr/lib/libcrypto.35.dylib
0x00007fff73b20000 	/System/Library/PrivateFrameworks/TrustEvaluationAgent.framework/Versions/A/TrustEvaluationAgent
0x000000012ee98000 	/Library/Java/JavaVirtualMachines/jdk-9.jdk/Contents/Home/lib/libglass.dylib
0x00007fff48a1e000 	/System/Library/CoreServices/RawCamera.bundle/Contents/MacOS/RawCamera
0x00007fff6b808000 	/System/Library/PrivateFrameworks/MobileAsset.framework/Versions/A/MobileAsset
0x00007fff72b3c000 	/System/Library/PrivateFrameworks/StreamingZip.framework/Versions/A/StreamingZip
0x00007fff542e6000 	/System/Library/Frameworks/MediaToolbox.framework/Versions/A/MediaToolbox
0x00007fff62a7d000 	/System/Library/PrivateFrameworks/CoreAVCHD.framework/Versions/A/CoreAVCHD
0x00007fff5423c000 	/System/Library/Frameworks/MediaAccessibility.framework/Versions/A/MediaAccessibility
0x00007fff6b359000 	/System/Library/PrivateFrameworks/Mangrove.framework/Versions/A/Mangrove
0x00007fff51325000 	/System/Library/Frameworks/CoreMedia.framework/Versions/A/CoreMedia
0x00007fff5c8ba000 	/System/Library/Frameworks/VideoToolbox.framework/Versions/A/VideoToolbox
0x00007fff6269c000 	/System/Library/PrivateFrameworks/CoreAUC.framework/Versions/A/CoreAUC
0x00007fff775c7000 	/usr/lib/libspindump.dylib
0x00007fff765e8000 	/usr/lib/libdscsym.dylib
0x00007fff602c4000 	/System/Library/PrivateFrameworks/AppleVA.framework/Versions/A/AppleVA
0x00007fff4c8de000 	/System/Library/Frameworks/Accelerate.framework/Versions/A/Frameworks/vImage.framework/Versions/A/Libraries/libCGInterfaces.dylib
0x000000012f3a8000 	/Library/Java/JavaVirtualMachines/jdk-9.jdk/Contents/Home/lib/libjavafx_font.dylib
0x0000000130f1d000 	/Library/Java/JavaVirtualMachines/jdk-9.jdk/Contents/Home/lib/libawt.dylib
0x0000000130fc2000 	/Library/Java/JavaVirtualMachines/jdk-9.jdk/Contents/Home/lib/./libmlib_image.dylib
0x00007fff53f54000 	/System/Library/Frameworks/JavaVM.framework/Versions/A/Frameworks/JavaNativeFoundation.framework/Versions/A/JavaNativeFoundation
0x00007fff53f5d000 	/System/Library/Frameworks/JavaVM.framework/Versions/A/Frameworks/JavaRuntimeSupport.framework/Versions/A/JavaRuntimeSupport
0x00007fff53f66000 	/System/Library/Frameworks/JavaVM.framework/Versions/A/JavaVM
0x00007fff6a8f5000 	/System/Library/PrivateFrameworks/JavaLaunching.framework/Versions/A/JavaLaunching
0x00007fff4f65e000 	/System/Library/Frameworks/Carbon.framework/Versions/A/Carbon
0x00007fff4f65f000 	/System/Library/Frameworks/Carbon.framework/Versions/A/Frameworks/CommonPanels.framework/Versions/A/CommonPanels
0x00007fff4f969000 	/System/Library/Frameworks/Carbon.framework/Versions/A/Frameworks/Help.framework/Versions/A/Help
0x00007fff4f96d000 	/System/Library/Frameworks/Carbon.framework/Versions/A/Frameworks/ImageCapture.framework/Versions/A/ImageCapture
0x00007fff4fa09000 	/System/Library/Frameworks/Carbon.framework/Versions/A/Frameworks/OpenScripting.framework/Versions/A/OpenScripting
0x00007fff4fa44000 	/System/Library/Frameworks/Carbon.framework/Versions/A/Frameworks/Print.framework/Versions/A/Print
0x00007fff4fa46000 	/System/Library/Frameworks/Carbon.framework/Versions/A/Frameworks/SecurityHI.framework/Versions/A/SecurityHI
0x0000000131030000 	/Library/Java/JavaVirtualMachines/jdk-9.jdk/Contents/Home/lib/libawt_lwawt.dylib
0x00000001310f0000 	/Library/Java/JavaVirtualMachines/jdk-9.jdk/Contents/Home/lib/./libosxapp.dylib
0x00007fff52405000 	/System/Library/Frameworks/ExceptionHandling.framework/Versions/A/ExceptionHandling
0x000000013110b000 	/Library/Java/JavaVirtualMachines/jdk-9.jdk/Contents/Home/lib/libfontmanager.dylib
0x00007fff4eadd000 	/System/Library/Frameworks/ApplicationServices.framework/Versions/A/Frameworks/ATS.framework/Versions/A/Resources/libTrueTypeScaler.dylib
0x0000000131693000 	/Library/Java/JavaVirtualMachines/jdk-9.jdk/Contents/Home/lib/libsunec.dylib
0x00007fff4a2b1000 	/System/Library/Extensions/AppleIntelHD5000GraphicsMTLDriver.bundle/Contents/MacOS/AppleIntelHD5000GraphicsMTLDriver
0x00007fff675f3000 	/System/Library/PrivateFrameworks/GPUCompiler.framework/Versions/3802/Libraries/libmetal_timestamp.dylib
0x00007fff7499f000 	/System/Library/PrivateFrameworks/ViewBridge.framework/Versions/A/ViewBridge

VM Arguments:
jvm_args: -javaagent:/Applications/IntelliJ IDEA.app/Contents/lib/idea_rt.jar=50800:/Applications/IntelliJ IDEA.app/Contents/bin -Dfile.encoding=UTF-8 
java_command: client.ChatClient
java_class_path (initial): /Users/quanganh9x/Downloads/HelloLOL 2/out/production/HelloLOL 2
Launcher Type: SUN_STANDARD

Logging:
Log output configuration:
#0: stdout all=warning uptime,level,tags
#1: stderr all=off uptime,level,tags

Environment Variables:
PATH=/Library/Frameworks/Python.framework/Versions/3.6/bin:/Users/quanganh9x/theos/bin:/usr/local/bin:/usr/bin:/bin:/usr/sbin:/sbin
SHELL=/bin/bash

Signal Handlers:
SIGSEGV: [libjvm.dylib+0x73ea4c], sa_mask[0]=11111111011111110111111111111111, sa_flags=SA_ONSTACK|SA_RESTART|SA_SIGINFO
SIGBUS: [libjvm.dylib+0x73ea4c], sa_mask[0]=11111111011111110111111111111111, sa_flags=SA_RESTART|SA_SIGINFO
SIGFPE: [libjvm.dylib+0x73ea4c], sa_mask[0]=11111111011111110111111111111111, sa_flags=SA_RESTART|SA_SIGINFO
SIGPIPE: [libjvm.dylib+0x5f1d1c], sa_mask[0]=11111111011111110111111111111111, sa_flags=SA_RESTART|SA_SIGINFO
SIGXFSZ: [libjvm.dylib+0x5f1d1c], sa_mask[0]=11111111011111110111111111111111, sa_flags=SA_RESTART|SA_SIGINFO
SIGILL: [libjvm.dylib+0x73ea4c], sa_mask[0]=11111111011111110111111111111111, sa_flags=SA_RESTART|SA_SIGINFO
SIGUSR2: [libjvm.dylib+0x5f25ac], sa_mask[0]=00100000000000000000000000000000, sa_flags=SA_RESTART|SA_SIGINFO
SIGHUP: [libjvm.dylib+0x5f0de9], sa_mask[0]=11111111011111110111111111111111, sa_flags=SA_RESTART|SA_SIGINFO
SIGINT: [libjvm.dylib+0x5f0de9], sa_mask[0]=11111111011111110111111111111111, sa_flags=SA_RESTART|SA_SIGINFO
SIGTERM: [libjvm.dylib+0x5f0de9], sa_mask[0]=11111111011111110111111111111111, sa_flags=SA_RESTART|SA_SIGINFO
SIGQUIT: [libjvm.dylib+0x5f0de9], sa_mask[0]=11111111011111110111111111111111, sa_flags=SA_RESTART|SA_SIGINFO


---------------  S Y S T E M  ---------------

OS:uname:Darwin 17.4.0 Darwin Kernel Version 17.4.0: Sun Dec 17 09:19:54 PST 2017; root:xnu-4570.41.2~1/RELEASE_X86_64 x86_64
rlimit: STACK 8192k, CORE 0k, NPROC 709, NOFILE 10240, AS infinity
load average:3.17 2.86 2.88

CPU:total 4 (initial active 4) (2 cores per cpu, 2 threads per core) family 6 model 69 stepping 1, cmov, cx8, fxsr, mmx, sse, sse2, sse3, ssse3, sse4.1, sse4.2, popcnt, avx, avx2, aes, clmul, erms, lzcnt, ht, tsc, tscinvbit, bmi1, bmi2, fma

Memory: 4k page, physical 4194304k(33104k free)

vm_info: Java HotSpot(TM) 64-Bit Server VM (9+181) for bsd-amd64 JRE (9+181), built on Aug  2 2017 21:10:28 by "javare" with gcc 4.2.1 Compatible Apple LLVM 6.1.0 (clang-602.0.49)

END.
